-- Install configuration: ""
-- Up-to-date: /home/matthew/Software/rs1_robot/install/rs1_robot/share/rs1_robot/config
-- Up-to-date: /home/matthew/Software/rs1_robot/install/rs1_robot/share/rs1_robot/config/drone.yaml
-- Up-to-date: /home/matthew/Software/rs1_robot/install/rs1_robot/share/rs1_robot/config/gazebo_bridge.yaml
-- Up-to-date: /home/matthew/Software/rs1_robot/install/rs1_robot/share/rs1_robot/config/rs1_robot_config.rviz
-- Up-to-date: /home/matthew/Software/rs1_robot/install/rs1_robot/share/rs1_robot/launch
-- Up-to-date: /home/matthew/Software/rs1_robot/install/rs1_robot/share/rs1_robot/launch/rs1_robot_ignition.py
-- Up-to-date: /home/matthew/Software/rs1_robot/install/rs1_robot/share/rs1_robot/launch/rs1_robot_world.py
-- Installing: /home/matthew/Software/rs1_robot/install/rs1_robot/share/rs1_robot/launch/multi_drone_spawn.launch.py
-- Up-to-date: /home/matthew/Software/rs1_robot/install/rs1_robot/share/rs1_robot/models
-- Up-to-date: /home/matthew/Software/rs1_robot/install/rs1_robot/share/rs1_robot/models/sjtu_drone.sdf
-- Up-to-date: /home/matthew/Software/rs1_robot/install/rs1_robot/share/rs1_robot/models/grass_plane
-- Up-to-date: /home/matthew/Software/rs1_robot/install/rs1_robot/share/rs1_robot/models/grass_plane/model.sdf
-- Up-to-date: /home/matthew/Software/rs1_robot/install/rs1_robot/share/rs1_robot/models/grass_plane/materials
-- Up-to-date: /home/matthew/Software/rs1_robot/install/rs1_robot/share/rs1_robot/models/grass_plane/materials/textures
-- Up-to-date: /home/matthew/Software/rs1_robot/install/rs1_robot/share/rs1_robot/models/grass_plane/materials/textures/empty_grass.png
-- Up-to-date: /home/matthew/Software/rs1_robot/install/rs1_robot/share/rs1_robot/models/grass_plane/model.config
-- Up-to-date: /home/matthew/Software/rs1_robot/install/rs1_robot/share/rs1_robot/models/quadrotor_4.stl
-- Up-to-date: /home/matthew/Software/rs1_robot/install/rs1_robot/share/rs1_robot/models/quadrotor_4.dae
-- Up-to-date: /home/matthew/Software/rs1_robot/install/rs1_robot/share/rs1_robot/models/forest_plane
-- Up-to-date: /home/matthew/Software/rs1_robot/install/rs1_robot/share/rs1_robot/models/forest_plane/model.sdf
-- Up-to-date: /home/matthew/Software/rs1_robot/install/rs1_robot/share/rs1_robot/models/forest_plane/materials
-- Up-to-date: /home/matthew/Software/rs1_robot/install/rs1_robot/share/rs1_robot/models/forest_plane/materials/textures
-- Up-to-date: /home/matthew/Software/rs1_robot/install/rs1_robot/share/rs1_robot/models/forest_plane/materials/textures/empty_grass.png
-- Up-to-date: /home/matthew/Software/rs1_robot/install/rs1_robot/share/rs1_robot/models/forest_plane/materials/textures/forest_overhead.png
-- Up-to-date: /home/matthew/Software/rs1_robot/install/rs1_robot/share/rs1_robot/models/forest_plane/materials/textures/leaf_litter.png
-- Up-to-date: /home/matthew/Software/rs1_robot/install/rs1_robot/share/rs1_robot/models/forest_plane/model.config
-- Up-to-date: /home/matthew/Software/rs1_robot/install/rs1_robot/share/rs1_robot/models/forest_wall
-- Up-to-date: /home/matthew/Software/rs1_robot/install/rs1_robot/share/rs1_robot/models/forest_wall/model.sdf
-- Up-to-date: /home/matthew/Software/rs1_robot/install/rs1_robot/share/rs1_robot/models/forest_wall/materials
-- Up-to-date: /home/matthew/Software/rs1_robot/install/rs1_robot/share/rs1_robot/models/forest_wall/materials/textures
-- Up-to-date: /home/matthew/Software/rs1_robot/install/rs1_robot/share/rs1_robot/models/forest_wall/materials/textures/forest_wall_transparent.png
-- Up-to-date: /home/matthew/Software/rs1_robot/install/rs1_robot/share/rs1_robot/models/forest_wall/materials/textures/forest_wall_transparent_small.png
-- Up-to-date: /home/matthew/Software/rs1_robot/install/rs1_robot/share/rs1_robot/models/forest_wall/materials/textures/forest_wall.png
-- Up-to-date: /home/matthew/Software/rs1_robot/install/rs1_robot/share/rs1_robot/models/forest_wall/model.config
-- Up-to-date: /home/matthew/Software/rs1_robot/install/rs1_robot/share/rs1_robot/models/model.config
-- Up-to-date: /home/matthew/Software/rs1_robot/install/rs1_robot/share/rs1_robot/urdf
-- Up-to-date: /home/matthew/Software/rs1_robot/install/rs1_robot/share/rs1_robot/urdf/log
-- Up-to-date: /home/matthew/Software/rs1_robot/install/rs1_robot/share/rs1_robot/urdf/log/build_2025-08-18_01-31-10
-- Up-to-date: /home/matthew/Software/rs1_robot/install/rs1_robot/share/rs1_robot/urdf/log/build_2025-08-18_01-15-04
-- Up-to-date: /home/matthew/Software/rs1_robot/install/rs1_robot/share/rs1_robot/urdf/log/build_2025-08-18_01-20-45
-- Up-to-date: /home/matthew/Software/rs1_robot/install/rs1_robot/share/rs1_robot/urdf/log/build_2025-08-18_01-20-25
-- Up-to-date: /home/matthew/Software/rs1_robot/install/rs1_robot/share/rs1_robot/urdf/log/build_2025-08-18_01-23-54
-- Up-to-date: /home/matthew/Software/rs1_robot/install/rs1_robot/share/rs1_robot/urdf/log/build_2025-08-18_01-25-28
-- Up-to-date: /home/matthew/Software/rs1_robot/install/rs1_robot/share/rs1_robot/urdf/log/build_2025-08-18_01-16-53
-- Up-to-date: /home/matthew/Software/rs1_robot/install/rs1_robot/share/rs1_robot/urdf/log/build_2025-08-18_01-38-13
-- Up-to-date: /home/matthew/Software/rs1_robot/install/rs1_robot/share/rs1_robot/urdf/log/build_2025-08-18_01-38-52
-- Up-to-date: /home/matthew/Software/rs1_robot/install/rs1_robot/share/rs1_robot/urdf/log/build_2025-08-18_01-22-05
-- Up-to-date: /home/matthew/Software/rs1_robot/install/rs1_robot/share/rs1_robot/urdf/log/build_2025-08-18_01-32-53
-- Up-to-date: /home/matthew/Software/rs1_robot/install/rs1_robot/share/rs1_robot/urdf/log/build_2025-08-18_01-44-29
-- Up-to-date: /home/matthew/Software/rs1_robot/install/rs1_robot/share/rs1_robot/urdf/log/build_2025-08-18_01-34-00
-- Up-to-date: /home/matthew/Software/rs1_robot/install/rs1_robot/share/rs1_robot/urdf/log/build_2025-08-18_01-17-57
-- Up-to-date: /home/matthew/Software/rs1_robot/install/rs1_robot/share/rs1_robot/urdf/log/build_2025-08-18_01-15-58
-- Up-to-date: /home/matthew/Software/rs1_robot/install/rs1_robot/share/rs1_robot/urdf/build
-- Up-to-date: /home/matthew/Software/rs1_robot/install/rs1_robot/share/rs1_robot/urdf/rs1_drone.urdf
-- Up-to-date: /home/matthew/Software/rs1_robot/install/rs1_robot/share/rs1_robot/urdf/model
-- Up-to-date: /home/matthew/Software/rs1_robot/install/rs1_robot/share/rs1_robot/urdf/model/model.config
-- Up-to-date: /home/matthew/Software/rs1_robot/install/rs1_robot/share/rs1_robot/urdf/install
-- Up-to-date: /home/matthew/Software/rs1_robot/install/rs1_robot/share/rs1_robot/urdf/rs1_drone.urdf.xacro
-- Up-to-date: /home/matthew/Software/rs1_robot/install/rs1_robot/share/rs1_robot/worlds
-- Up-to-date: /home/matthew/Software/rs1_robot/install/rs1_robot/share/rs1_robot/worlds/simple_trees.sdf
-- Up-to-date: /home/matthew/Software/rs1_robot/install/rs1_robot/share/rs1_robot/worlds/simple_trees_builtin.sdf
-- Up-to-date: /home/matthew/Software/rs1_robot/install/rs1_robot/share/rs1_robot/worlds/simple_test.world
-- Up-to-date: /home/matthew/Software/rs1_robot/install/rs1_robot/share/rs1_robot/config
-- Up-to-date: /home/matthew/Software/rs1_robot/install/rs1_robot/share/rs1_robot/config/drone.yaml
-- Up-to-date: /home/matthew/Software/rs1_robot/install/rs1_robot/share/rs1_robot/config/gazebo_bridge.yaml
-- Up-to-date: /home/matthew/Software/rs1_robot/install/rs1_robot/share/rs1_robot/config/rs1_robot_config.rviz
-- Up-to-date: /home/matthew/Software/rs1_robot/install/rs1_robot/share/rs1_robot/launch
-- Up-to-date: /home/matthew/Software/rs1_robot/install/rs1_robot/share/rs1_robot/launch/rs1_robot_ignition.py
-- Up-to-date: /home/matthew/Software/rs1_robot/install/rs1_robot/share/rs1_robot/launch/rs1_robot_world.py
-- Up-to-date: /home/matthew/Software/rs1_robot/install/rs1_robot/share/rs1_robot/launch/multi_drone_spawn.launch.py
-- Up-to-date: /home/matthew/Software/rs1_robot/install/rs1_robot/share/rs1_robot/models
-- Up-to-date: /home/matthew/Software/rs1_robot/install/rs1_robot/share/rs1_robot/models/sjtu_drone.sdf
-- Up-to-date: /home/matthew/Software/rs1_robot/install/rs1_robot/share/rs1_robot/models/grass_plane
-- Up-to-date: /home/matthew/Software/rs1_robot/install/rs1_robot/share/rs1_robot/models/grass_plane/model.sdf
-- Up-to-date: /home/matthew/Software/rs1_robot/install/rs1_robot/share/rs1_robot/models/grass_plane/materials
-- Up-to-date: /home/matthew/Software/rs1_robot/install/rs1_robot/share/rs1_robot/models/grass_plane/materials/textures
-- Up-to-date: /home/matthew/Software/rs1_robot/install/rs1_robot/share/rs1_robot/models/grass_plane/materials/textures/empty_grass.png
-- Up-to-date: /home/matthew/Software/rs1_robot/install/rs1_robot/share/rs1_robot/models/grass_plane/model.config
-- Up-to-date: /home/matthew/Software/rs1_robot/install/rs1_robot/share/rs1_robot/models/quadrotor_4.stl
-- Up-to-date: /home/matthew/Software/rs1_robot/install/rs1_robot/share/rs1_robot/models/quadrotor_4.dae
-- Up-to-date: /home/matthew/Software/rs1_robot/install/rs1_robot/share/rs1_robot/models/forest_plane
-- Up-to-date: /home/matthew/Software/rs1_robot/install/rs1_robot/share/rs1_robot/models/forest_plane/model.sdf
-- Up-to-date: /home/matthew/Software/rs1_robot/install/rs1_robot/share/rs1_robot/models/forest_plane/materials
-- Up-to-date: /home/matthew/Software/rs1_robot/install/rs1_robot/share/rs1_robot/models/forest_plane/materials/textures
-- Up-to-date: /home/matthew/Software/rs1_robot/install/rs1_robot/share/rs1_robot/models/forest_plane/materials/textures/empty_grass.png
-- Up-to-date: /home/matthew/Software/rs1_robot/install/rs1_robot/share/rs1_robot/models/forest_plane/materials/textures/forest_overhead.png
-- Up-to-date: /home/matthew/Software/rs1_robot/install/rs1_robot/share/rs1_robot/models/forest_plane/materials/textures/leaf_litter.png
-- Up-to-date: /home/matthew/Software/rs1_robot/install/rs1_robot/share/rs1_robot/models/forest_plane/model.config
-- Up-to-date: /home/matthew/Software/rs1_robot/install/rs1_robot/share/rs1_robot/models/forest_wall
-- Up-to-date: /home/matthew/Software/rs1_robot/install/rs1_robot/share/rs1_robot/models/forest_wall/model.sdf
-- Up-to-date: /home/matthew/Software/rs1_robot/install/rs1_robot/share/rs1_robot/models/forest_wall/materials
-- Up-to-date: /home/matthew/Software/rs1_robot/install/rs1_robot/share/rs1_robot/models/forest_wall/materials/textures
-- Up-to-date: /home/matthew/Software/rs1_robot/install/rs1_robot/share/rs1_robot/models/forest_wall/materials/textures/forest_wall_transparent.png
-- Up-to-date: /home/matthew/Software/rs1_robot/install/rs1_robot/share/rs1_robot/models/forest_wall/materials/textures/forest_wall_transparent_small.png
-- Up-to-date: /home/matthew/Software/rs1_robot/install/rs1_robot/share/rs1_robot/models/forest_wall/materials/textures/forest_wall.png
-- Up-to-date: /home/matthew/Software/rs1_robot/install/rs1_robot/share/rs1_robot/models/forest_wall/model.config
-- Up-to-date: /home/matthew/Software/rs1_robot/install/rs1_robot/share/rs1_robot/models/model.config
-- Up-to-date: /home/matthew/Software/rs1_robot/install/rs1_robot/share/rs1_robot/urdf
-- Up-to-date: /home/matthew/Software/rs1_robot/install/rs1_robot/share/rs1_robot/urdf/log
-- Up-to-date: /home/matthew/Software/rs1_robot/install/rs1_robot/share/rs1_robot/urdf/log/build_2025-08-18_01-31-10
-- Up-to-date: /home/matthew/Software/rs1_robot/install/rs1_robot/share/rs1_robot/urdf/log/build_2025-08-18_01-15-04
-- Up-to-date: /home/matthew/Software/rs1_robot/install/rs1_robot/share/rs1_robot/urdf/log/build_2025-08-18_01-20-45
-- Up-to-date: /home/matthew/Software/rs1_robot/install/rs1_robot/share/rs1_robot/urdf/log/build_2025-08-18_01-20-25
-- Up-to-date: /home/matthew/Software/rs1_robot/install/rs1_robot/share/rs1_robot/urdf/log/build_2025-08-18_01-23-54
-- Up-to-date: /home/matthew/Software/rs1_robot/install/rs1_robot/share/rs1_robot/urdf/log/build_2025-08-18_01-25-28
-- Up-to-date: /home/matthew/Software/rs1_robot/install/rs1_robot/share/rs1_robot/urdf/log/build_2025-08-18_01-16-53
-- Up-to-date: /home/matthew/Software/rs1_robot/install/rs1_robot/share/rs1_robot/urdf/log/build_2025-08-18_01-38-13
-- Up-to-date: /home/matthew/Software/rs1_robot/install/rs1_robot/share/rs1_robot/urdf/log/build_2025-08-18_01-38-52
-- Up-to-date: /home/matthew/Software/rs1_robot/install/rs1_robot/share/rs1_robot/urdf/log/build_2025-08-18_01-22-05
-- Up-to-date: /home/matthew/Software/rs1_robot/install/rs1_robot/share/rs1_robot/urdf/log/build_2025-08-18_01-32-53
-- Up-to-date: /home/matthew/Software/rs1_robot/install/rs1_robot/share/rs1_robot/urdf/log/build_2025-08-18_01-44-29
-- Up-to-date: /home/matthew/Software/rs1_robot/install/rs1_robot/share/rs1_robot/urdf/log/build_2025-08-18_01-34-00
-- Up-to-date: /home/matthew/Software/rs1_robot/install/rs1_robot/share/rs1_robot/urdf/log/build_2025-08-18_01-17-57
-- Up-to-date: /home/matthew/Software/rs1_robot/install/rs1_robot/share/rs1_robot/urdf/log/build_2025-08-18_01-15-58
-- Up-to-date: /home/matthew/Software/rs1_robot/install/rs1_robot/share/rs1_robot/urdf/build
-- Up-to-date: /home/matthew/Software/rs1_robot/install/rs1_robot/share/rs1_robot/urdf/rs1_drone.urdf
-- Up-to-date: /home/matthew/Software/rs1_robot/install/rs1_robot/share/rs1_robot/urdf/model
-- Up-to-date: /home/matthew/Software/rs1_robot/install/rs1_robot/share/rs1_robot/urdf/model/model.config
-- Up-to-date: /home/matthew/Software/rs1_robot/install/rs1_robot/share/rs1_robot/urdf/install
-- Up-to-date: /home/matthew/Software/rs1_robot/install/rs1_robot/share/rs1_robot/urdf/rs1_drone.urdf.xacro
-- Up-to-date: /home/matthew/Software/rs1_robot/install/rs1_robot/share/rs1_robot/worlds
-- Up-to-date: /home/matthew/Software/rs1_robot/install/rs1_robot/share/rs1_robot/worlds/simple_trees.sdf
-- Up-to-date: /home/matthew/Software/rs1_robot/install/rs1_robot/share/rs1_robot/worlds/simple_trees_builtin.sdf
-- Up-to-date: /home/matthew/Software/rs1_robot/install/rs1_robot/share/rs1_robot/worlds/simple_test.world
-- Up-to-date: /home/matthew/Software/rs1_robot/install/rs1_robot/share/ament_index/resource_index/package_run_dependencies/rs1_robot
-- Up-to-date: /home/matthew/Software/rs1_robot/install/rs1_robot/share/ament_index/resource_index/parent_prefix_path/rs1_robot
-- Up-to-date: /home/matthew/Software/rs1_robot/install/rs1_robot/share/rs1_robot/environment/ament_prefix_path.sh
-- Up-to-date: /home/matthew/Software/rs1_robot/install/rs1_robot/share/rs1_robot/environment/ament_prefix_path.dsv
-- Up-to-date: /home/matthew/Software/rs1_robot/install/rs1_robot/share/rs1_robot/environment/path.sh
-- Up-to-date: /home/matthew/Software/rs1_robot/install/rs1_robot/share/rs1_robot/environment/path.dsv
-- Up-to-date: /home/matthew/Software/rs1_robot/install/rs1_robot/share/rs1_robot/local_setup.bash
-- Up-to-date: /home/matthew/Software/rs1_robot/install/rs1_robot/share/rs1_robot/local_setup.sh
-- Up-to-date: /home/matthew/Software/rs1_robot/install/rs1_robot/share/rs1_robot/local_setup.zsh
-- Up-to-date: /home/matthew/Software/rs1_robot/install/rs1_robot/share/rs1_robot/local_setup.dsv
-- Up-to-date: /home/matthew/Software/rs1_robot/install/rs1_robot/share/rs1_robot/package.dsv
-- Up-to-date: /home/matthew/Software/rs1_robot/install/rs1_robot/share/ament_index/resource_index/packages/rs1_robot
-- Up-to-date: /home/matthew/Software/rs1_robot/install/rs1_robot/share/rs1_robot/cmake/rs1_robotConfig.cmake
-- Up-to-date: /home/matthew/Software/rs1_robot/install/rs1_robot/share/rs1_robot/cmake/rs1_robotConfig-version.cmake
-- Up-to-date: /home/matthew/Software/rs1_robot/install/rs1_robot/share/rs1_robot/package.xml
