[0.009s] Invoking command in '/home/matthew/Software/rs1_robot/build/rs1_robot': CMAKE_PREFIX_PATH=${CMAKE_PREFIX_PATH}:/opt/ros/humble /usr/bin/cmake --build /home/matthew/Software/rs1_robot/build/rs1_robot -- -j16 -l16
[0.056s] Invoked command in '/home/matthew/Software/rs1_robot/build/rs1_robot' returned '0': CMAKE_PREFIX_PATH=${CMAKE_PREFIX_PATH}:/opt/ros/humble /usr/bin/cmake --build /home/matthew/Software/rs1_robot/build/rs1_robot -- -j16 -l16
[0.070s] Invoking command in '/home/matthew/Software/rs1_robot/build/rs1_robot': CMAKE_PREFIX_PATH=${CMAKE_PREFIX_PATH}:/opt/ros/humble /usr/bin/cmake --install /home/matthew/Software/rs1_robot/build/rs1_robot
[0.076s] -- Install configuration: ""
[0.076s] -- Up-to-date: /home/matthew/Software/rs1_robot/install/rs1_robot/share/rs1_robot/config
[0.077s] -- Up-to-date: /home/matthew/Software/rs1_robot/install/rs1_robot/share/rs1_robot/config/drone.yaml
[0.077s] -- Up-to-date: /home/matthew/Software/rs1_robot/install/rs1_robot/share/rs1_robot/config/gazebo_bridge.yaml
[0.077s] -- Up-to-date: /home/matthew/Software/rs1_robot/install/rs1_robot/share/rs1_robot/config/rs1_robot_config.rviz
[0.077s] -- Up-to-date: /home/matthew/Software/rs1_robot/install/rs1_robot/share/rs1_robot/launch
[0.077s] -- Up-to-date: /home/matthew/Software/rs1_robot/install/rs1_robot/share/rs1_robot/launch/rs1_robot_ignition.py
[0.077s] -- Up-to-date: /home/matthew/Software/rs1_robot/install/rs1_robot/share/rs1_robot/launch/rs1_robot_world.py
[0.077s] -- Installing: /home/matthew/Software/rs1_robot/install/rs1_robot/share/rs1_robot/launch/multi_drone_spawn.launch.py
[0.077s] -- Up-to-date: /home/matthew/Software/rs1_robot/install/rs1_robot/share/rs1_robot/models
[0.077s] -- Up-to-date: /home/matthew/Software/rs1_robot/install/rs1_robot/share/rs1_robot/models/sjtu_drone.sdf
[0.077s] -- Up-to-date: /home/matthew/Software/rs1_robot/install/rs1_robot/share/rs1_robot/models/grass_plane
[0.078s] -- Up-to-date: /home/matthew/Software/rs1_robot/install/rs1_robot/share/rs1_robot/models/grass_plane/model.sdf
[0.078s] -- Up-to-date: /home/matthew/Software/rs1_robot/install/rs1_robot/share/rs1_robot/models/grass_plane/materials
[0.078s] -- Up-to-date: /home/matthew/Software/rs1_robot/install/rs1_robot/share/rs1_robot/models/grass_plane/materials/textures
[0.078s] -- Up-to-date: /home/matthew/Software/rs1_robot/install/rs1_robot/share/rs1_robot/models/grass_plane/materials/textures/empty_grass.png
[0.078s] -- Up-to-date: /home/matthew/Software/rs1_robot/install/rs1_robot/share/rs1_robot/models/grass_plane/model.config
[0.078s] -- Up-to-date: /home/matthew/Software/rs1_robot/install/rs1_robot/share/rs1_robot/models/quadrotor_4.stl
[0.078s] -- Up-to-date: /home/matthew/Software/rs1_robot/install/rs1_robot/share/rs1_robot/models/quadrotor_4.dae
[0.078s] -- Up-to-date: /home/matthew/Software/rs1_robot/install/rs1_robot/share/rs1_robot/models/forest_plane
[0.078s] -- Up-to-date: /home/matthew/Software/rs1_robot/install/rs1_robot/share/rs1_robot/models/forest_plane/model.sdf
[0.078s] -- Up-to-date: /home/matthew/Software/rs1_robot/install/rs1_robot/share/rs1_robot/models/forest_plane/materials
[0.078s] -- Up-to-date: /home/matthew/Software/rs1_robot/install/rs1_robot/share/rs1_robot/models/forest_plane/materials/textures
[0.078s] -- Up-to-date: /home/matthew/Software/rs1_robot/install/rs1_robot/share/rs1_robot/models/forest_plane/materials/textures/empty_grass.png
[0.078s] -- Up-to-date: /home/matthew/Software/rs1_robot/install/rs1_robot/share/rs1_robot/models/forest_plane/materials/textures/forest_overhead.png
[0.078s] -- Up-to-date: /home/matthew/Software/rs1_robot/install/rs1_robot/share/rs1_robot/models/forest_plane/materials/textures/leaf_litter.png
[0.078s] -- Up-to-date: /home/matthew/Software/rs1_robot/install/rs1_robot/share/rs1_robot/models/forest_plane/model.config
[0.078s] -- Up-to-date: /home/matthew/Software/rs1_robot/install/rs1_robot/share/rs1_robot/models/forest_wall
[0.079s] -- Up-to-date: /home/matthew/Software/rs1_robot/install/rs1_robot/share/rs1_robot/models/forest_wall/model.sdf
[0.079s] -- Up-to-date: /home/matthew/Software/rs1_robot/install/rs1_robot/share/rs1_robot/models/forest_wall/materials
[0.079s] -- Up-to-date: /home/matthew/Software/rs1_robot/install/rs1_robot/share/rs1_robot/models/forest_wall/materials/textures
[0.079s] -- Up-to-date: /home/matthew/Software/rs1_robot/install/rs1_robot/share/rs1_robot/models/forest_wall/materials/textures/forest_wall_transparent.png
[0.079s] -- Up-to-date: /home/matthew/Software/rs1_robot/install/rs1_robot/share/rs1_robot/models/forest_wall/materials/textures/forest_wall_transparent_small.png
[0.079s] -- Up-to-date: /home/matthew/Software/rs1_robot/install/rs1_robot/share/rs1_robot/models/forest_wall/materials/textures/forest_wall.png
[0.079s] -- Up-to-date: /home/matthew/Software/rs1_robot/install/rs1_robot/share/rs1_robot/models/forest_wall/model.config
[0.079s] -- Up-to-date: /home/matthew/Software/rs1_robot/install/rs1_robot/share/rs1_robot/models/model.config
[0.079s] -- Up-to-date: /home/matthew/Software/rs1_robot/install/rs1_robot/share/rs1_robot/urdf
[0.080s] -- Up-to-date: /home/matthew/Software/rs1_robot/install/rs1_robot/share/rs1_robot/urdf/log
[0.080s] -- Up-to-date: /home/matthew/Software/rs1_robot/install/rs1_robot/share/rs1_robot/urdf/log/build_2025-08-18_01-31-10
[0.080s] -- Up-to-date: /home/matthew/Software/rs1_robot/install/rs1_robot/share/rs1_robot/urdf/log/build_2025-08-18_01-15-04
[0.080s] -- Up-to-date: /home/matthew/Software/rs1_robot/install/rs1_robot/share/rs1_robot/urdf/log/build_2025-08-18_01-20-45
[0.080s] -- Up-to-date: /home/matthew/Software/rs1_robot/install/rs1_robot/share/rs1_robot/urdf/log/build_2025-08-18_01-20-25
[0.080s] -- Up-to-date: /home/matthew/Software/rs1_robot/install/rs1_robot/share/rs1_robot/urdf/log/build_2025-08-18_01-23-54
[0.080s] -- Up-to-date: /home/matthew/Software/rs1_robot/install/rs1_robot/share/rs1_robot/urdf/log/build_2025-08-18_01-25-28
[0.080s] -- Up-to-date: /home/matthew/Software/rs1_robot/install/rs1_robot/share/rs1_robot/urdf/log/build_2025-08-18_01-16-53
[0.080s] -- Up-to-date: /home/matthew/Software/rs1_robot/install/rs1_robot/share/rs1_robot/urdf/log/build_2025-08-18_01-38-13
[0.080s] -- Up-to-date: /home/matthew/Software/rs1_robot/install/rs1_robot/share/rs1_robot/urdf/log/build_2025-08-18_01-38-52
[0.080s] -- Up-to-date: /home/matthew/Software/rs1_robot/install/rs1_robot/share/rs1_robot/urdf/log/build_2025-08-18_01-22-05
[0.080s] -- Up-to-date: /home/matthew/Software/rs1_robot/install/rs1_robot/share/rs1_robot/urdf/log/build_2025-08-18_01-32-53
[0.080s] -- Up-to-date: /home/matthew/Software/rs1_robot/install/rs1_robot/share/rs1_robot/urdf/log/build_2025-08-18_01-44-29
[0.080s] -- Up-to-date: /home/matthew/Software/rs1_robot/install/rs1_robot/share/rs1_robot/urdf/log/build_2025-08-18_01-34-00
[0.080s] -- Up-to-date: /home/matthew/Software/rs1_robot/install/rs1_robot/share/rs1_robot/urdf/log/build_2025-08-18_01-17-57
[0.080s] -- Up-to-date: /home/matthew/Software/rs1_robot/install/rs1_robot/share/rs1_robot/urdf/log/build_2025-08-18_01-15-58
[0.080s] -- Up-to-date: /home/matthew/Software/rs1_robot/install/rs1_robot/share/rs1_robot/urdf/build
[0.080s] -- Up-to-date: /home/matthew/Software/rs1_robot/install/rs1_robot/share/rs1_robot/urdf/rs1_drone.urdf
[0.081s] -- Up-to-date: /home/matthew/Software/rs1_robot/install/rs1_robot/share/rs1_robot/urdf/model
[0.081s] -- Up-to-date: /home/matthew/Software/rs1_robot/install/rs1_robot/share/rs1_robot/urdf/model/model.config
[0.081s] -- Up-to-date: /home/matthew/Software/rs1_robot/install/rs1_robot/share/rs1_robot/urdf/install
[0.081s] -- Up-to-date: /home/matthew/Software/rs1_robot/install/rs1_robot/share/rs1_robot/urdf/rs1_drone.urdf.xacro
[0.081s] -- Up-to-date: /home/matthew/Software/rs1_robot/install/rs1_robot/share/rs1_robot/worlds
[0.081s] -- Up-to-date: /home/matthew/Software/rs1_robot/install/rs1_robot/share/rs1_robot/worlds/simple_trees.sdf
[0.081s] -- Up-to-date: /home/matthew/Software/rs1_robot/install/rs1_robot/share/rs1_robot/worlds/simple_trees_builtin.sdf
[0.081s] -- Up-to-date: /home/matthew/Software/rs1_robot/install/rs1_robot/share/rs1_robot/worlds/simple_test.world
[0.081s] -- Up-to-date: /home/matthew/Software/rs1_robot/install/rs1_robot/share/rs1_robot/config
[0.081s] -- Up-to-date: /home/matthew/Software/rs1_robot/install/rs1_robot/share/rs1_robot/config/drone.yaml
[0.081s] -- Up-to-date: /home/matthew/Software/rs1_robot/install/rs1_robot/share/rs1_robot/config/gazebo_bridge.yaml
[0.081s] -- Up-to-date: /home/matthew/Software/rs1_robot/install/rs1_robot/share/rs1_robot/config/rs1_robot_config.rviz
[0.081s] -- Up-to-date: /home/matthew/Software/rs1_robot/install/rs1_robot/share/rs1_robot/launch
[0.081s] -- Up-to-date: /home/matthew/Software/rs1_robot/install/rs1_robot/share/rs1_robot/launch/rs1_robot_ignition.py
[0.081s] -- Up-to-date: /home/matthew/Software/rs1_robot/install/rs1_robot/share/rs1_robot/launch/rs1_robot_world.py
[0.082s] -- Up-to-date: /home/matthew/Software/rs1_robot/install/rs1_robot/share/rs1_robot/launch/multi_drone_spawn.launch.py
[0.082s] -- Up-to-date: /home/matthew/Software/rs1_robot/install/rs1_robot/share/rs1_robot/models
[0.082s] -- Up-to-date: /home/matthew/Software/rs1_robot/install/rs1_robot/share/rs1_robot/models/sjtu_drone.sdf
[0.082s] -- Up-to-date: /home/matthew/Software/rs1_robot/install/rs1_robot/share/rs1_robot/models/grass_plane
[0.082s] -- Up-to-date: /home/matthew/Software/rs1_robot/install/rs1_robot/share/rs1_robot/models/grass_plane/model.sdf
[0.082s] -- Up-to-date: /home/matthew/Software/rs1_robot/install/rs1_robot/share/rs1_robot/models/grass_plane/materials
[0.082s] -- Up-to-date: /home/matthew/Software/rs1_robot/install/rs1_robot/share/rs1_robot/models/grass_plane/materials/textures
[0.082s] -- Up-to-date: /home/matthew/Software/rs1_robot/install/rs1_robot/share/rs1_robot/models/grass_plane/materials/textures/empty_grass.png
[0.082s] -- Up-to-date: /home/matthew/Software/rs1_robot/install/rs1_robot/share/rs1_robot/models/grass_plane/model.config
[0.083s] -- Up-to-date: /home/matthew/Software/rs1_robot/install/rs1_robot/share/rs1_robot/models/quadrotor_4.stl
[0.083s] -- Up-to-date: /home/matthew/Software/rs1_robot/install/rs1_robot/share/rs1_robot/models/quadrotor_4.dae
[0.083s] -- Up-to-date: /home/matthew/Software/rs1_robot/install/rs1_robot/share/rs1_robot/models/forest_plane
[0.083s] -- Up-to-date: /home/matthew/Software/rs1_robot/install/rs1_robot/share/rs1_robot/models/forest_plane/model.sdf
[0.083s] -- Up-to-date: /home/matthew/Software/rs1_robot/install/rs1_robot/share/rs1_robot/models/forest_plane/materials
[0.083s] -- Up-to-date: /home/matthew/Software/rs1_robot/install/rs1_robot/share/rs1_robot/models/forest_plane/materials/textures
[0.083s] -- Up-to-date: /home/matthew/Software/rs1_robot/install/rs1_robot/share/rs1_robot/models/forest_plane/materials/textures/empty_grass.png
[0.083s] -- Up-to-date: /home/matthew/Software/rs1_robot/install/rs1_robot/share/rs1_robot/models/forest_plane/materials/textures/forest_overhead.png
[0.083s] -- Up-to-date: /home/matthew/Software/rs1_robot/install/rs1_robot/share/rs1_robot/models/forest_plane/materials/textures/leaf_litter.png
[0.083s] -- Up-to-date: /home/matthew/Software/rs1_robot/install/rs1_robot/share/rs1_robot/models/forest_plane/model.config
[0.084s] -- Up-to-date: /home/matthew/Software/rs1_robot/install/rs1_robot/share/rs1_robot/models/forest_wall
[0.084s] -- Up-to-date: /home/matthew/Software/rs1_robot/install/rs1_robot/share/rs1_robot/models/forest_wall/model.sdf
[0.084s] -- Up-to-date: /home/matthew/Software/rs1_robot/install/rs1_robot/share/rs1_robot/models/forest_wall/materials
[0.084s] -- Up-to-date: /home/matthew/Software/rs1_robot/install/rs1_robot/share/rs1_robot/models/forest_wall/materials/textures
[0.084s] -- Up-to-date: /home/matthew/Software/rs1_robot/install/rs1_robot/share/rs1_robot/models/forest_wall/materials/textures/forest_wall_transparent.png
[0.084s] -- Up-to-date: /home/matthew/Software/rs1_robot/install/rs1_robot/share/rs1_robot/models/forest_wall/materials/textures/forest_wall_transparent_small.png
[0.084s] -- Up-to-date: /home/matthew/Software/rs1_robot/install/rs1_robot/share/rs1_robot/models/forest_wall/materials/textures/forest_wall.png
[0.084s] -- Up-to-date: /home/matthew/Software/rs1_robot/install/rs1_robot/share/rs1_robot/models/forest_wall/model.config
[0.084s] -- Up-to-date: /home/matthew/Software/rs1_robot/install/rs1_robot/share/rs1_robot/models/model.config
[0.084s] -- Up-to-date: /home/matthew/Software/rs1_robot/install/rs1_robot/share/rs1_robot/urdf
[0.084s] -- Up-to-date: /home/matthew/Software/rs1_robot/install/rs1_robot/share/rs1_robot/urdf/log
[0.084s] -- Up-to-date: /home/matthew/Software/rs1_robot/install/rs1_robot/share/rs1_robot/urdf/log/build_2025-08-18_01-31-10
[0.084s] -- Up-to-date: /home/matthew/Software/rs1_robot/install/rs1_robot/share/rs1_robot/urdf/log/build_2025-08-18_01-15-04
[0.084s] -- Up-to-date: /home/matthew/Software/rs1_robot/install/rs1_robot/share/rs1_robot/urdf/log/build_2025-08-18_01-20-45
[0.084s] -- Up-to-date: /home/matthew/Software/rs1_robot/install/rs1_robot/share/rs1_robot/urdf/log/build_2025-08-18_01-20-25
[0.084s] -- Up-to-date: /home/matthew/Software/rs1_robot/install/rs1_robot/share/rs1_robot/urdf/log/build_2025-08-18_01-23-54
[0.084s] -- Up-to-date: /home/matthew/Software/rs1_robot/install/rs1_robot/share/rs1_robot/urdf/log/build_2025-08-18_01-25-28
[0.084s] -- Up-to-date: /home/matthew/Software/rs1_robot/install/rs1_robot/share/rs1_robot/urdf/log/build_2025-08-18_01-16-53
[0.084s] -- Up-to-date: /home/matthew/Software/rs1_robot/install/rs1_robot/share/rs1_robot/urdf/log/build_2025-08-18_01-38-13
[0.084s] -- Up-to-date: /home/matthew/Software/rs1_robot/install/rs1_robot/share/rs1_robot/urdf/log/build_2025-08-18_01-38-52
[0.085s] -- Up-to-date: /home/matthew/Software/rs1_robot/install/rs1_robot/share/rs1_robot/urdf/log/build_2025-08-18_01-22-05
[0.085s] -- Up-to-date: /home/matthew/Software/rs1_robot/install/rs1_robot/share/rs1_robot/urdf/log/build_2025-08-18_01-32-53
[0.085s] -- Up-to-date: /home/matthew/Software/rs1_robot/install/rs1_robot/share/rs1_robot/urdf/log/build_2025-08-18_01-44-29
[0.085s] -- Up-to-date: /home/matthew/Software/rs1_robot/install/rs1_robot/share/rs1_robot/urdf/log/build_2025-08-18_01-34-00
[0.085s] -- Up-to-date: /home/matthew/Software/rs1_robot/install/rs1_robot/share/rs1_robot/urdf/log/build_2025-08-18_01-17-57
[0.085s] -- Up-to-date: /home/matthew/Software/rs1_robot/install/rs1_robot/share/rs1_robot/urdf/log/build_2025-08-18_01-15-58
[0.085s] -- Up-to-date: /home/matthew/Software/rs1_robot/install/rs1_robot/share/rs1_robot/urdf/build
[0.085s] -- Up-to-date: /home/matthew/Software/rs1_robot/install/rs1_robot/share/rs1_robot/urdf/rs1_drone.urdf
[0.085s] -- Up-to-date: /home/matthew/Software/rs1_robot/install/rs1_robot/share/rs1_robot/urdf/model
[0.085s] -- Up-to-date: /home/matthew/Software/rs1_robot/install/rs1_robot/share/rs1_robot/urdf/model/model.config
[0.085s] -- Up-to-date: /home/matthew/Software/rs1_robot/install/rs1_robot/share/rs1_robot/urdf/install
[0.085s] -- Up-to-date: /home/matthew/Software/rs1_robot/install/rs1_robot/share/rs1_robot/urdf/rs1_drone.urdf.xacro
[0.085s] -- Up-to-date: /home/matthew/Software/rs1_robot/install/rs1_robot/share/rs1_robot/worlds
[0.085s] -- Up-to-date: /home/matthew/Software/rs1_robot/install/rs1_robot/share/rs1_robot/worlds/simple_trees.sdf
[0.085s] -- Up-to-date: /home/matthew/Software/rs1_robot/install/rs1_robot/share/rs1_robot/worlds/simple_trees_builtin.sdf
[0.085s] -- Up-to-date: /home/matthew/Software/rs1_robot/install/rs1_robot/share/rs1_robot/worlds/simple_test.world
[0.085s] -- Up-to-date: /home/matthew/Software/rs1_robot/install/rs1_robot/share/ament_index/resource_index/package_run_dependencies/rs1_robot
[0.085s] -- Up-to-date: /home/matthew/Software/rs1_robot/install/rs1_robot/share/ament_index/resource_index/parent_prefix_path/rs1_robot
[0.085s] -- Up-to-date: /home/matthew/Software/rs1_robot/install/rs1_robot/share/rs1_robot/environment/ament_prefix_path.sh
[0.085s] -- Up-to-date: /home/matthew/Software/rs1_robot/install/rs1_robot/share/rs1_robot/environment/ament_prefix_path.dsv
[0.085s] -- Up-to-date: /home/matthew/Software/rs1_robot/install/rs1_robot/share/rs1_robot/environment/path.sh
[0.086s] -- Up-to-date: /home/matthew/Software/rs1_robot/install/rs1_robot/share/rs1_robot/environment/path.dsv
[0.086s] -- Up-to-date: /home/matthew/Software/rs1_robot/install/rs1_robot/share/rs1_robot/local_setup.bash
[0.086s] -- Up-to-date: /home/matthew/Software/rs1_robot/install/rs1_robot/share/rs1_robot/local_setup.sh
[0.086s] -- Up-to-date: /home/matthew/Software/rs1_robot/install/rs1_robot/share/rs1_robot/local_setup.zsh
[0.086s] -- Up-to-date: /home/matthew/Software/rs1_robot/install/rs1_robot/share/rs1_robot/local_setup.dsv
[0.086s] -- Up-to-date: /home/matthew/Software/rs1_robot/install/rs1_robot/share/rs1_robot/package.dsv
[0.086s] -- Up-to-date: /home/matthew/Software/rs1_robot/install/rs1_robot/share/ament_index/resource_index/packages/rs1_robot
[0.086s] -- Up-to-date: /home/matthew/Software/rs1_robot/install/rs1_robot/share/rs1_robot/cmake/rs1_robotConfig.cmake
[0.086s] -- Up-to-date: /home/matthew/Software/rs1_robot/install/rs1_robot/share/rs1_robot/cmake/rs1_robotConfig-version.cmake
[0.086s] -- Up-to-date: /home/matthew/Software/rs1_robot/install/rs1_robot/share/rs1_robot/package.xml
[0.086s] Invoked command in '/home/matthew/Software/rs1_robot/build/rs1_robot' returned '0': CMAKE_PREFIX_PATH=${CMAKE_PREFIX_PATH}:/opt/ros/humble /usr/bin/cmake --install /home/matthew/Software/rs1_robot/build/rs1_robot
