[0.080s] DEBUG:colcon:Command line arguments: ['/usr/bin/colcon', 'build', '--packages-select', 'rs1_robot']
[0.080s] DEBUG:colcon:Parsed command line arguments: Namespace(log_base=None, log_level=None, verb_name='build', build_base='build', install_base='install', merge_install=False, symlink_install=False, test_result_base=None, continue_on_error=False, executor='parallel', parallel_workers=16, event_handlers=None, ignore_user_meta=False, metas=['./colcon.meta'], base_paths=['.'], packages_ignore=None, packages_ignore_regex=None, paths=None, packages_up_to=None, packages_up_to_regex=None, packages_above=None, packages_above_and_dependencies=None, packages_above_depth=None, packages_select_by_dep=None, packages_skip_by_dep=None, packages_skip_up_to=None, packages_select_build_failed=False, packages_skip_build_finished=False, packages_select_test_failures=False, packages_skip_test_passed=False, packages_select=['rs1_robot'], packages_skip=None, packages_select_regex=None, packages_skip_regex=None, packages_start=None, packages_end=None, allow_overriding=[], cmake_args=None, cmake_target=None, cmake_target_skip_unavailable=False, cmake_clean_cache=False, cmake_clean_first=False, cmake_force_configure=False, ament_cmake_args=None, catkin_cmake_args=None, catkin_skip_building_tests=False, mixin_files=None, mixin=None, verb_parser=<colcon_mixin.mixin.mixin_argument.MixinArgumentDecorator object at 0x7c2791c56440>, verb_extension=<colcon_core.verb.build.BuildVerb object at 0x7c2791d7b370>, main=<bound method BuildVerb.main of <colcon_core.verb.build.BuildVerb object at 0x7c2791d7b370>>, mixin_verb=('build',))
[0.184s] Level 1:colcon.colcon_core.package_discovery:discover_packages(colcon_meta) check parameters
[0.184s] Level 1:colcon.colcon_core.package_discovery:discover_packages(recursive) check parameters
[0.184s] Level 1:colcon.colcon_core.package_discovery:discover_packages(ignore) check parameters
[0.184s] Level 1:colcon.colcon_core.package_discovery:discover_packages(path) check parameters
[0.184s] Level 1:colcon.colcon_core.package_discovery:discover_packages(colcon_meta) discover
[0.184s] Level 1:colcon.colcon_core.package_discovery:discover_packages(recursive) discover
[0.184s] INFO:colcon.colcon_core.package_discovery:Crawling recursively for packages in '/home/matthew/Software/rs1_robot'
[0.184s] Level 1:colcon.colcon_core.package_identification:_identify(.) by extensions ['ignore', 'ignore_ament_install']
[0.184s] Level 1:colcon.colcon_core.package_identification:_identify(.) by extension 'ignore'
[0.184s] Level 1:colcon.colcon_core.package_identification:_identify(.) by extension 'ignore_ament_install'
[0.184s] Level 1:colcon.colcon_core.package_identification:_identify(.) by extensions ['colcon_pkg']
[0.184s] Level 1:colcon.colcon_core.package_identification:_identify(.) by extension 'colcon_pkg'
[0.184s] Level 1:colcon.colcon_core.package_identification:_identify(.) by extensions ['colcon_meta']
[0.184s] Level 1:colcon.colcon_core.package_identification:_identify(.) by extension 'colcon_meta'
[0.184s] Level 1:colcon.colcon_core.package_identification:_identify(.) by extensions ['ros']
[0.184s] Level 1:colcon.colcon_core.package_identification:_identify(.) by extension 'ros'
[0.204s] DEBUG:colcon.colcon_core.package_identification:Package '.' with type 'ros.ament_cmake' and name 'rs1_robot'
[0.204s] Level 1:colcon.colcon_core.package_discovery:discover_packages(recursive) using defaults
[0.204s] Level 1:colcon.colcon_core.package_discovery:discover_packages(ignore) discover
[0.204s] Level 1:colcon.colcon_core.package_discovery:discover_packages(ignore) using defaults
[0.204s] Level 1:colcon.colcon_core.package_discovery:discover_packages(path) discover
[0.204s] Level 1:colcon.colcon_core.package_discovery:discover_packages(path) using defaults
[0.227s] Level 1:colcon.colcon_core.package_discovery:discover_packages(prefix_path) check parameters
[0.227s] Level 1:colcon.colcon_core.package_discovery:discover_packages(prefix_path) discover
[0.230s] DEBUG:colcon.colcon_installed_package_information.package_discovery:Found 2 installed packages in /home/matthew/RS1/rs1_ws/install
[0.230s] DEBUG:colcon.colcon_installed_package_information.package_discovery:Found 4 installed packages in /home/matthew/ros2_ws/install
[0.231s] DEBUG:colcon.colcon_installed_package_information.package_discovery:Found 433 installed packages in /opt/ros/humble
[0.233s] Level 1:colcon.colcon_core.package_discovery:discover_packages(prefix_path) using defaults
[0.269s] Level 5:colcon.colcon_core.verb:set package 'rs1_robot' build argument 'cmake_args' from command line to 'None'
[0.269s] Level 5:colcon.colcon_core.verb:set package 'rs1_robot' build argument 'cmake_target' from command line to 'None'
[0.269s] Level 5:colcon.colcon_core.verb:set package 'rs1_robot' build argument 'cmake_target_skip_unavailable' from command line to 'False'
[0.269s] Level 5:colcon.colcon_core.verb:set package 'rs1_robot' build argument 'cmake_clean_cache' from command line to 'False'
[0.269s] Level 5:colcon.colcon_core.verb:set package 'rs1_robot' build argument 'cmake_clean_first' from command line to 'False'
[0.269s] Level 5:colcon.colcon_core.verb:set package 'rs1_robot' build argument 'cmake_force_configure' from command line to 'False'
[0.269s] Level 5:colcon.colcon_core.verb:set package 'rs1_robot' build argument 'ament_cmake_args' from command line to 'None'
[0.269s] Level 5:colcon.colcon_core.verb:set package 'rs1_robot' build argument 'catkin_cmake_args' from command line to 'None'
[0.269s] Level 5:colcon.colcon_core.verb:set package 'rs1_robot' build argument 'catkin_skip_building_tests' from command line to 'False'
[0.269s] DEBUG:colcon.colcon_core.verb:Building package 'rs1_robot' with the following arguments: {'ament_cmake_args': None, 'build_base': '/home/matthew/Software/rs1_robot/build/rs1_robot', 'catkin_cmake_args': None, 'catkin_skip_building_tests': False, 'cmake_args': None, 'cmake_clean_cache': False, 'cmake_clean_first': False, 'cmake_force_configure': False, 'cmake_target': None, 'cmake_target_skip_unavailable': False, 'install_base': '/home/matthew/Software/rs1_robot/install/rs1_robot', 'merge_install': False, 'path': '/home/matthew/Software/rs1_robot', 'symlink_install': False, 'test_result_base': None}
[0.269s] INFO:colcon.colcon_core.executor:Executing jobs using 'parallel' executor
[0.270s] DEBUG:colcon.colcon_parallel_executor.executor.parallel:run_until_complete
[0.270s] INFO:colcon.colcon_ros.task.ament_cmake.build:Building ROS package in '/home/matthew/Software/rs1_robot' with build type 'ament_cmake'
[0.270s] INFO:colcon.colcon_cmake.task.cmake.build:Building CMake package in '/home/matthew/Software/rs1_robot'
[0.273s] INFO:colcon.colcon_core.plugin_system:Skipping extension 'colcon_core.shell.bat': Not used on non-Windows systems
[0.273s] INFO:colcon.colcon_core.shell:Skip shell extension 'powershell' for command environment: Not usable outside of PowerShell
[0.273s] DEBUG:colcon.colcon_core.shell:Skip shell extension 'dsv' for command environment
[0.274s] DEBUG:colcon.colcon_core.shell:Ignoring prefix path '/home/matthew/Software/rs1_robot/urdf/install'
[0.281s] DEBUG:colcon.colcon_core.event_handler.log_command:Invoking command in '/home/matthew/Software/rs1_robot/build/rs1_robot': CMAKE_PREFIX_PATH=${CMAKE_PREFIX_PATH}:/opt/ros/humble /usr/bin/cmake /home/matthew/Software/rs1_robot -DCMAKE_INSTALL_PREFIX=/home/matthew/Software/rs1_robot/install/rs1_robot
[1.891s] DEBUG:colcon.colcon_core.event_handler.log_command:Invoked command in '/home/matthew/Software/rs1_robot/build/rs1_robot' returned '0': CMAKE_PREFIX_PATH=${CMAKE_PREFIX_PATH}:/opt/ros/humble /usr/bin/cmake /home/matthew/Software/rs1_robot -DCMAKE_INSTALL_PREFIX=/home/matthew/Software/rs1_robot/install/rs1_robot
[1.892s] DEBUG:colcon.colcon_core.event_handler.log_command:Invoking command in '/home/matthew/Software/rs1_robot/build/rs1_robot': CMAKE_PREFIX_PATH=${CMAKE_PREFIX_PATH}:/opt/ros/humble /usr/bin/cmake --build /home/matthew/Software/rs1_robot/build/rs1_robot -- -j16 -l16
[1.931s] DEBUG:colcon.colcon_core.event_handler.log_command:Invoked command in '/home/matthew/Software/rs1_robot/build/rs1_robot' returned '0': CMAKE_PREFIX_PATH=${CMAKE_PREFIX_PATH}:/opt/ros/humble /usr/bin/cmake --build /home/matthew/Software/rs1_robot/build/rs1_robot -- -j16 -l16
[1.941s] DEBUG:colcon.colcon_core.event_handler.log_command:Invoking command in '/home/matthew/Software/rs1_robot/build/rs1_robot': CMAKE_PREFIX_PATH=${CMAKE_PREFIX_PATH}:/opt/ros/humble /usr/bin/cmake --install /home/matthew/Software/rs1_robot/build/rs1_robot
[1.966s] Level 1:colcon.colcon_core.environment:create_environment_scripts_only(rs1_robot)
[1.966s] DEBUG:colcon.colcon_core.event_handler.log_command:Invoked command in '/home/matthew/Software/rs1_robot/build/rs1_robot' returned '0': CMAKE_PREFIX_PATH=${CMAKE_PREFIX_PATH}:/opt/ros/humble /usr/bin/cmake --install /home/matthew/Software/rs1_robot/build/rs1_robot
[1.969s] Level 1:colcon.colcon_core.environment:checking '/home/matthew/Software/rs1_robot/install/rs1_robot' for CMake module files
[1.969s] Level 1:colcon.colcon_core.environment:checking '/home/matthew/Software/rs1_robot/install/rs1_robot' for CMake config files
[1.970s] Level 1:colcon.colcon_core.shell:create_environment_hook('rs1_robot', 'cmake_prefix_path')
[1.970s] INFO:colcon.colcon_core.shell:Creating environment hook '/home/matthew/Software/rs1_robot/install/rs1_robot/share/rs1_robot/hook/cmake_prefix_path.ps1'
[1.970s] INFO:colcon.colcon_core.shell:Creating environment descriptor '/home/matthew/Software/rs1_robot/install/rs1_robot/share/rs1_robot/hook/cmake_prefix_path.dsv'
[1.970s] INFO:colcon.colcon_core.shell:Creating environment hook '/home/matthew/Software/rs1_robot/install/rs1_robot/share/rs1_robot/hook/cmake_prefix_path.sh'
[1.971s] Level 1:colcon.colcon_core.environment:checking '/home/matthew/Software/rs1_robot/install/rs1_robot/lib'
[1.971s] Level 1:colcon.colcon_core.environment:checking '/home/matthew/Software/rs1_robot/install/rs1_robot/bin'
[1.971s] Level 1:colcon.colcon_core.environment:checking '/home/matthew/Software/rs1_robot/install/rs1_robot/lib/pkgconfig/rs1_robot.pc'
[1.971s] Level 1:colcon.colcon_core.environment:checking '/home/matthew/Software/rs1_robot/install/rs1_robot/lib/python3.10/site-packages'
[1.972s] Level 1:colcon.colcon_core.environment:checking '/home/matthew/Software/rs1_robot/install/rs1_robot/bin'
[1.972s] INFO:colcon.colcon_core.shell:Creating package script '/home/matthew/Software/rs1_robot/install/rs1_robot/share/rs1_robot/package.ps1'
[1.972s] INFO:colcon.colcon_core.shell:Creating package descriptor '/home/matthew/Software/rs1_robot/install/rs1_robot/share/rs1_robot/package.dsv'
[1.973s] INFO:colcon.colcon_core.shell:Creating package script '/home/matthew/Software/rs1_robot/install/rs1_robot/share/rs1_robot/package.sh'
[1.973s] INFO:colcon.colcon_core.shell:Creating package script '/home/matthew/Software/rs1_robot/install/rs1_robot/share/rs1_robot/package.bash'
[1.974s] INFO:colcon.colcon_core.shell:Creating package script '/home/matthew/Software/rs1_robot/install/rs1_robot/share/rs1_robot/package.zsh'
[1.974s] Level 1:colcon.colcon_core.environment:create_file_with_runtime_dependencies(/home/matthew/Software/rs1_robot/install/rs1_robot/share/colcon-core/packages/rs1_robot)
[1.975s] Level 1:colcon.colcon_core.environment:create_environment_scripts_only(rs1_robot)
[1.975s] Level 1:colcon.colcon_core.environment:checking '/home/matthew/Software/rs1_robot/install/rs1_robot' for CMake module files
[1.975s] Level 1:colcon.colcon_core.environment:checking '/home/matthew/Software/rs1_robot/install/rs1_robot' for CMake config files
[1.975s] Level 1:colcon.colcon_core.shell:create_environment_hook('rs1_robot', 'cmake_prefix_path')
[1.975s] INFO:colcon.colcon_core.shell:Creating environment hook '/home/matthew/Software/rs1_robot/install/rs1_robot/share/rs1_robot/hook/cmake_prefix_path.ps1'
[1.976s] INFO:colcon.colcon_core.shell:Creating environment descriptor '/home/matthew/Software/rs1_robot/install/rs1_robot/share/rs1_robot/hook/cmake_prefix_path.dsv'
[1.976s] INFO:colcon.colcon_core.shell:Creating environment hook '/home/matthew/Software/rs1_robot/install/rs1_robot/share/rs1_robot/hook/cmake_prefix_path.sh'
[1.976s] Level 1:colcon.colcon_core.environment:checking '/home/matthew/Software/rs1_robot/install/rs1_robot/lib'
[1.976s] Level 1:colcon.colcon_core.environment:checking '/home/matthew/Software/rs1_robot/install/rs1_robot/bin'
[1.976s] Level 1:colcon.colcon_core.environment:checking '/home/matthew/Software/rs1_robot/install/rs1_robot/lib/pkgconfig/rs1_robot.pc'
[1.976s] Level 1:colcon.colcon_core.environment:checking '/home/matthew/Software/rs1_robot/install/rs1_robot/lib/python3.10/site-packages'
[1.976s] Level 1:colcon.colcon_core.environment:checking '/home/matthew/Software/rs1_robot/install/rs1_robot/bin'
[1.977s] INFO:colcon.colcon_core.shell:Creating package script '/home/matthew/Software/rs1_robot/install/rs1_robot/share/rs1_robot/package.ps1'
[1.977s] INFO:colcon.colcon_core.shell:Creating package descriptor '/home/matthew/Software/rs1_robot/install/rs1_robot/share/rs1_robot/package.dsv'
[1.977s] INFO:colcon.colcon_core.shell:Creating package script '/home/matthew/Software/rs1_robot/install/rs1_robot/share/rs1_robot/package.sh'
[1.977s] INFO:colcon.colcon_core.shell:Creating package script '/home/matthew/Software/rs1_robot/install/rs1_robot/share/rs1_robot/package.bash'
[1.978s] INFO:colcon.colcon_core.shell:Creating package script '/home/matthew/Software/rs1_robot/install/rs1_robot/share/rs1_robot/package.zsh'
[1.978s] Level 1:colcon.colcon_core.environment:create_file_with_runtime_dependencies(/home/matthew/Software/rs1_robot/install/rs1_robot/share/colcon-core/packages/rs1_robot)
[1.978s] DEBUG:colcon.colcon_parallel_executor.executor.parallel:closing loop
[1.979s] DEBUG:colcon.colcon_parallel_executor.executor.parallel:loop closed
[1.979s] DEBUG:colcon.colcon_parallel_executor.executor.parallel:run_until_complete finished with '0'
[1.979s] DEBUG:colcon.colcon_core.event_reactor:joining thread
[1.984s] INFO:colcon.colcon_core.plugin_system:Skipping extension 'colcon_notification.desktop_notification.terminal_notifier': Not used on non-Darwin systems
[1.984s] INFO:colcon.colcon_core.plugin_system:Skipping extension 'colcon_notification.desktop_notification.win32': Not used on non-Windows systems
[1.984s] INFO:colcon.colcon_notification.desktop_notification:Sending desktop notification using 'notify2'
[2.003s] DEBUG:colcon.colcon_core.event_reactor:joined thread
[2.004s] INFO:colcon.colcon_core.shell:Creating prefix script '/home/matthew/Software/rs1_robot/install/local_setup.ps1'
[2.005s] INFO:colcon.colcon_core.shell:Creating prefix util module '/home/matthew/Software/rs1_robot/install/_local_setup_util_ps1.py'
[2.007s] INFO:colcon.colcon_core.shell:Creating prefix chain script '/home/matthew/Software/rs1_robot/install/setup.ps1'
[2.008s] INFO:colcon.colcon_core.shell:Creating prefix script '/home/matthew/Software/rs1_robot/install/local_setup.sh'
[2.009s] INFO:colcon.colcon_core.shell:Creating prefix util module '/home/matthew/Software/rs1_robot/install/_local_setup_util_sh.py'
[2.009s] INFO:colcon.colcon_core.shell:Creating prefix chain script '/home/matthew/Software/rs1_robot/install/setup.sh'
[2.010s] INFO:colcon.colcon_core.shell:Creating prefix script '/home/matthew/Software/rs1_robot/install/local_setup.bash'
[2.011s] INFO:colcon.colcon_core.shell:Creating prefix chain script '/home/matthew/Software/rs1_robot/install/setup.bash'
[2.012s] INFO:colcon.colcon_core.shell:Creating prefix script '/home/matthew/Software/rs1_robot/install/local_setup.zsh'
[2.012s] INFO:colcon.colcon_core.shell:Creating prefix chain script '/home/matthew/Software/rs1_robot/install/setup.zsh'
